<?xml version="1.0" encoding="UTF-8"?>
<!-- Generated by org.testng.reporters.JUnitReportReporter -->
<testsuite hostname="LAPTOP-G0DUN5JF" failures="0" tests="1" name="TestLayer.CreateAccountPageTest" time="1.204" errors="0" timestamp="2024-01-12T14:47:18 IST" skipped="0">
  <testcase classname="TestLayer.CreateAccountPageTest" name="validateNewMemberAccountUser" time="1.204"/>
  <system-out/>
</testsuite> <!-- TestLayer.CreateAccountPageTest -->
